#-----------------------------------------------------------
# PlanAhead v14.7 (64-bit)
# Build 321239 by xbuild on Fri Sep 27 19:29:51 MDT 2013
# Start of session at: Mon Jul 25 22:38:50 2016
# Process ID: 1428
# Log file: D:/study/simplemips1.1/planAhead_run_3/planAhead.log
# Journal file: D:/study/simplemips1.1/planAhead_run_3/planAhead.jou
#-----------------------------------------------------------
INFO: [Common 17-78] Attempting to get a license: PlanAhead
INFO: [Common 17-290] Got license for PlanAhead
INFO: [Device 21-36] Loading parts and site information from C:/Xilinx/14.7/ISE_DS/PlanAhead/data/parts/arch.xml
Parsing RTL primitives file [C:/Xilinx/14.7/ISE_DS/PlanAhead/data/parts/xilinx/rtl/prims/rtl_prims.xml]
Finished parsing RTL primitives file [C:/Xilinx/14.7/ISE_DS/PlanAhead/data/parts/xilinx/rtl/prims/rtl_prims.xml]
start_gui
source D:/study/simplemips1.1/pa.fromNetlist.tcl
# create_project -name simplemips1.1 -dir "D:/study/simplemips1.1/planAhead_run_3" -part xc6slx100fgg676-2
# set_property design_mode GateLvl [get_property srcset [current_run -impl]]
# set_property edif_top_file "D:/study/simplemips1.1/simplemipst.ngc" [ get_property srcset [ current_run ] ]
# add_files -norecurse { {D:/study/simplemips1.1} {ipcore_dir} }
# set_param project.pinAheadLayout  yes
# set_property target_constrs_file "simplemipst.ucf" [current_fileset -constrset]
Adding file 'D:/study/simplemips1.1/simplemipst.ucf' to fileset 'constrs_1'
# add_files [list {simplemipst.ucf}] -fileset [get_property constrset [current_run]]
# link_design
Design is defaulting to srcset: sources_1
Design is defaulting to constrset: constrs_1
Design is defaulting to project part: xc6slx100fgg676-2
Release 14.7 - ngc2edif P.20131013 (nt64)
Copyright (c) 1995-2013 Xilinx, Inc.  All rights reserved.
Reading design simplemipst.ngc ...
WARNING:NetListWriters:298 - No output is written to simplemipst.xncf, ignored.
Processing design ...
   Preping design's networks ...
   Preping design's macros ...
WARNING:NetListWriters:306 - Signal bus XLXI_19/utrans/tickgen/Madd_n0007_lut[8
   : 0] on block simplemipst is not reconstructed, because there are some
   missing bus signals.
WARNING:NetListWriters:306 - Signal bus
   XLXI_19/urecv/tickgen/Madd_GND_126_o_BUS_0793_mux_2_OUT_lut[11 : 2] on block
   simplemipst is not reconstructed, because there are some missing bus signals.
  finished :Prep
Writing EDIF netlist file simplemipst.edif ...
ngc2edif: Total memory usage is 93992 kilobytes

Parsing EDIF File [./planAhead_run_3/simplemips1.1.data/cache/simplemipst_ngc_zx.edif]
Finished Parsing EDIF File [./planAhead_run_3/simplemips1.1.data/cache/simplemipst_ngc_zx.edif]
INFO: [Netlist 29-17] Analyzing 64 Unisim elements for replacement
INFO: [Netlist 29-28] Unisim Transformation completed in 0 CPU seconds
WARNING: [Netlist 29-43] Netlist 'simplemipst' is not ideal for floorplanning, since the cellview 'simplemipst' defined in file 'simplemipst.ngc' contains large number of primitives.  Please consider enabling hierarchy in synthesis if you want to do floorplanning.
Loading clock regions from C:/Xilinx/14.7/ISE_DS/PlanAhead/data\parts/xilinx/spartan6/spartan6lx/xc6slx100/ClockRegion.xml
Loading clock buffers from C:/Xilinx/14.7/ISE_DS/PlanAhead/data\parts/xilinx/spartan6/spartan6lx/xc6slx100/ClockBuffers.xml
Loading package pin functions from C:/Xilinx/14.7/ISE_DS/PlanAhead/data\parts/xilinx/spartan6/PinFunctions.xml...
Loading package from C:/Xilinx/14.7/ISE_DS/PlanAhead/data\parts/xilinx/spartan6/spartan6lx/xc6slx100/fgg676/Package.xml
Loading io standards from C:/Xilinx/14.7/ISE_DS/PlanAhead/data\./parts/xilinx/spartan6/IOStandards.xml
Loading device configuration modes from C:/Xilinx/14.7/ISE_DS/PlanAhead/data\parts/xilinx/spartan6/ConfigModes.xml
Loading list of drcs for the architecture : C:/Xilinx/14.7/ISE_DS/PlanAhead/data\./parts/xilinx/spartan6/drc.xml
Parsing UCF File [D:/study/simplemips1.1/simplemipst.ucf]
Finished Parsing UCF File [D:/study/simplemips1.1/simplemipst.ucf]
INFO: [Project 1-111] Unisim Transformation Summary:
  A total of 64 instances were transformed.
  IOBUF => IOBUF (OBUFT, IBUF): 64 instances

Phase 0 | Netlist Checksum: 1785b630
link_design: Time (s): elapsed = 00:00:10 . Memory (MB): peak = 703.586 ; gain = 205.367
exit
ERROR: [PlanAhead 12-106] *** Exception: ui.h.b: Found deleted key in HTclEventBroker. Verify if the classes listed here call cleanup()
HTclEvent: DEBUG_PORT_CONFIG_CHANGE   Classes: ui.views.aR 
HTclEvent: DEBUG_CORE_CONFIG_CHANGE   Classes: ui.views.aR 
HTclEvent: SIGNAL_MODIFY   Classes: ui.views.aR 
HTclEvent: SIGNAL_BUS_MODIFY   Classes: ui.views.aR 
 (See D:/study/simplemips1.1\planAhead_pid1428.debug)
ERROR: [Common 17-39] 'stop_gui' failed due to earlier errors.
INFO: [Common 17-206] Exiting PlanAhead at Mon Jul 25 22:39:16 2016...
INFO: [Common 17-83] Releasing license: PlanAhead
