Release 14.7 Map P.20131013 (nt)
Xilinx Mapping Report File for Design 'simplemipst'

Design Information
------------------
Command Line   : map -intstyle ise -p xc6slx100-fgg676-2 -w -logic_opt off -ol
high -t 1 -xt 0 -register_duplication off -r 4 -global_opt off -mt off -ir off
-pr off -lc off -power off -o simplemipst_map.ncd simplemipst.ngd
simplemipst.pcf 
Target Device  : xc6slx100
Target Package : fgg676
Target Speed   : -2
Mapper Version : spartan6 -- $Revision: 1.55 $
Mapped Date    : Thu Jul 28 09:26:42 2016

Design Summary
--------------
Number of errors:      0
Number of warnings:    0
Slice Logic Utilization:
  Number of Slice Registers:                 1,676 out of 126,576    1%
    Number used as Flip Flops:               1,616
    Number used as Latches:                     32
    Number used as Latch-thrus:                  0
    Number used as AND/OR logics:               28
  Number of Slice LUTs:                      2,730 out of  63,288    4%
    Number used as logic:                    2,707 out of  63,288    4%
      Number using O6 output only:           1,906
      Number using O5 output only:              74
      Number using O5 and O6:                  727
      Number used as ROM:                        0
    Number used as Memory:                       0 out of  15,616    0%
    Number used exclusively as route-thrus:     23
      Number with same-slice register load:     21
      Number with same-slice carry load:         2
      Number with other load:                    0

Slice Logic Distribution:
  Number of occupied Slices:                 1,009 out of  15,822    6%
  Number of MUXCYs used:                       272 out of  31,644    1%
  Number of LUT Flip Flop pairs used:        2,867
    Number with an unused Flip Flop:         1,755 out of   2,867   61%
    Number with an unused LUT:                 137 out of   2,867    4%
    Number of fully used LUT-FF pairs:         975 out of   2,867   34%
    Number of unique control sets:              18
    Number of slice register sites lost
      to control set restrictions:              48 out of 126,576    1%

  A LUT Flip Flop pair for this architecture represents one LUT paired with
  one Flip Flop within a slice.  A control set is a unique combination of
  clock, reset, set, and enable signals for a registered element.
  The Slice Logic Distribution report is not meaningful if the design is
  over-mapped for a non-slice resource or if Placement fails.

IO Utilization:
  Number of bonded IOBs:                       136 out of     480   28%
    Number of LOCed IOBs:                      136 out of     136  100%

Specific Feature Utilization:
  Number of RAMB16BWERs:                         0 out of     268    0%
  Number of RAMB8BWERs:                          0 out of     536    0%
  Number of BUFIO2/BUFIO2_2CLKs:                 1 out of      32    3%
    Number used as BUFIO2s:                      1
    Number used as BUFIO2_2CLKs:                 0
  Number of BUFIO2FB/BUFIO2FB_2CLKs:             1 out of      32    3%
    Number used as BUFIO2FBs:                    1
    Number used as BUFIO2FB_2CLKs:               0
  Number of BUFG/BUFGMUXs:                       5 out of      16   31%
    Number used as BUFGs:                        5
    Number used as BUFGMUX:                      0
  Number of DCM/DCM_CLKGENs:                     0 out of      12    0%
  Number of ILOGIC2/ISERDES2s:                   0 out of     506    0%
  Number of IODELAY2/IODRP2/IODRP2_MCBs:         0 out of     506    0%
  Number of OLOGIC2/OSERDES2s:                   0 out of     506    0%
  Number of BSCANs:                              0 out of       4    0%
  Number of BUFHs:                               0 out of     384    0%
  Number of BUFPLLs:                             0 out of       8    0%
  Number of BUFPLL_MCBs:                         0 out of       4    0%
  Number of DSP48A1s:                            3 out of     180    1%
  Number of ICAPs:                               0 out of       1    0%
  Number of MCBs:                                0 out of       4    0%
  Number of PCILOGICSEs:                         0 out of       2    0%
  Number of PLL_ADVs:                            1 out of       6   16%
  Number of PMVs:                                0 out of       1    0%
  Number of STARTUPs:                            0 out of       1    0%
  Number of SUSPEND_SYNCs:                       0 out of       1    0%

Average Fanout of Non-Clock Nets:                4.62

Peak Memory Usage:  483 MB
Total REAL time to MAP completion:  58 secs 
Total CPU time to MAP completion:   58 secs 

Table of Contents
-----------------
Section 1 - Errors
Section 2 - Warnings
Section 3 - Informational
Section 4 - Removed Logic Summary
Section 5 - Removed Logic
Section 6 - IOB Properties
Section 7 - RPMs
Section 8 - Guide Report
Section 9 - Area Group and Partition Summary
Section 10 - Timing Report
Section 11 - Configuration String Information
Section 12 - Control Set Information
Section 13 - Utilization by Hierarchy

Section 1 - Errors
------------------

Section 2 - Warnings
--------------------

Section 3 - Informational
-------------------------
INFO:LIT:243 - Logical network XLXN_256_IBUF has no load.
INFO:MapLib:562 - No environment variables are currently set.
INFO:LIT:244 - All of the single ended outputs in this design are using slew
   rate limited output drivers. The delay on speed critical single ended outputs
   can be dramatically reduced by designating them as fast outputs.
INFO:Pack:1716 - Initializing temperature to 85.000 Celsius. (default - Range:
   0.000 to 85.000 Celsius)
INFO:Pack:1720 - Initializing voltage to 1.140 Volts. (default - Range: 1.140 to
   1.260 Volts)
INFO:Map:215 - The Interim Design Summary has been generated in the MAP Report
   (.mrp).
INFO:Pack:1650 - Map created a placed design.

Section 4 - Removed Logic Summary
---------------------------------
   1 block(s) removed
   2 block(s) optimized away

Section 5 - Removed Logic
-------------------------

The trimmed logic report below shows the logic removed from your design due to
sourceless or loadless signals, and VCC or ground connections.  If the removal
of a signal or symbol results in the subsequent removal of an additional signal
or symbol, the message explaining that second removal will be indented.  This
indentation will be repeated as a chain of related logic is removed.

To quickly locate the original cause for the removal of a chain of logic, look
above the place where that logic is listed in the trimming report, then locate
the lines that are least indented (begin at the leftmost edge).

Loadless block "XLXI_5/Madd_JUMP_ADDR_1629" (ROM) removed.

Optimized Block(s):
TYPE 		BLOCK
GND 		XST_GND
VCC 		XST_VCC

To enable printing of redundant blocks removed and signals merged, set the
detailed map report option and rerun map.

Section 6 - IOB Properties
--------------------------

+---------------------------------------------------------------------------------------------------------------------------------------------------------+
| IOB Name                           | Type             | Direction | IO Standard          | Diff  | Drive    | Slew | Reg (s)      | Resistor | IOB      |
|                                    |                  |           |                      | Term  | Strength | Rate |              |          | Delay    |
+---------------------------------------------------------------------------------------------------------------------------------------------------------+
| XLXN_243                           | IOB              | OUTPUT    | LVCMOS25             |       | 12       | SLOW |              |          |          |
| XLXN_244                           | IOB              | INPUT     | LVCMOS25             |       |          |      |              |          |          |
| XLXN_245                           | IOB              | OUTPUT    | LVCMOS25             |       | 12       | SLOW |              |          |          |
| XLXN_246                           | IOB              | OUTPUT    | LVCMOS25             |       | 12       | SLOW |              |          |          |
| XLXN_247                           | IOB              | OUTPUT    | LVCMOS25             |       | 12       | SLOW |              |          |          |
| XLXN_248                           | IOB              | OUTPUT    | LVCMOS25             |       | 12       | SLOW |              |          |          |
| XLXN_249                           | IOB              | OUTPUT    | LVCMOS25             |       | 12       | SLOW |              |          |          |
| XLXN_250                           | IOB              | OUTPUT    | LVCMOS25             |       | 12       | SLOW |              |          |          |
| XLXN_256                           | IOB              | INPUT     | LVCMOS25             |       |          |      |              |          |          |
| XLXN_257                           | IOB              | INPUT     | LVCMOS25             |       |          |      |              |          |          |
| XLXN_252<0>                        | IOB              | OUTPUT    | LVCMOS25             |       | 12       | SLOW |              |          |          |
| XLXN_252<1>                        | IOB              | OUTPUT    | LVCMOS25             |       | 12       | SLOW |              |          |          |
| XLXN_252<2>                        | IOB              | OUTPUT    | LVCMOS25             |       | 12       | SLOW |              |          |          |
| XLXN_252<3>                        | IOB              | OUTPUT    | LVCMOS25             |       | 12       | SLOW |              |          |          |
| XLXN_252<4>                        | IOB              | OUTPUT    | LVCMOS25             |       | 12       | SLOW |              |          |          |
| XLXN_252<5>                        | IOB              | OUTPUT    | LVCMOS25             |       | 12       | SLOW |              |          |          |
| XLXN_252<6>                        | IOB              | OUTPUT    | LVCMOS25             |       | 12       | SLOW |              |          |          |
| XLXN_252<7>                        | IOB              | OUTPUT    | LVCMOS25             |       | 12       | SLOW |              |          |          |
| XLXN_252<8>                        | IOB              | OUTPUT    | LVCMOS25             |       | 12       | SLOW |              |          |          |
| XLXN_252<9>                        | IOB              | OUTPUT    | LVCMOS25             |       | 12       | SLOW |              |          |          |
| XLXN_252<10>                       | IOB              | OUTPUT    | LVCMOS25             |       | 12       | SLOW |              |          |          |
| XLXN_252<11>                       | IOB              | OUTPUT    | LVCMOS25             |       | 12       | SLOW |              |          |          |
| XLXN_252<12>                       | IOB              | OUTPUT    | LVCMOS25             |       | 12       | SLOW |              |          |          |
| XLXN_252<13>                       | IOB              | OUTPUT    | LVCMOS25             |       | 12       | SLOW |              |          |          |
| XLXN_252<14>                       | IOB              | OUTPUT    | LVCMOS25             |       | 12       | SLOW |              |          |          |
| XLXN_252<15>                       | IOB              | OUTPUT    | LVCMOS25             |       | 12       | SLOW |              |          |          |
| XLXN_252<16>                       | IOB              | OUTPUT    | LVCMOS25             |       | 12       | SLOW |              |          |          |
| XLXN_252<17>                       | IOB              | OUTPUT    | LVCMOS25             |       | 12       | SLOW |              |          |          |
| XLXN_252<18>                       | IOB              | OUTPUT    | LVCMOS25             |       | 12       | SLOW |              |          |          |
| XLXN_252<19>                       | IOB              | OUTPUT    | LVCMOS25             |       | 12       | SLOW |              |          |          |
| XLXN_253<0>                        | IOB              | OUTPUT    | LVCMOS25             |       | 12       | SLOW |              |          |          |
| XLXN_253<1>                        | IOB              | OUTPUT    | LVCMOS25             |       | 12       | SLOW |              |          |          |
| XLXN_253<2>                        | IOB              | OUTPUT    | LVCMOS25             |       | 12       | SLOW |              |          |          |
| XLXN_253<3>                        | IOB              | OUTPUT    | LVCMOS25             |       | 12       | SLOW |              |          |          |
| XLXN_253<4>                        | IOB              | OUTPUT    | LVCMOS25             |       | 12       | SLOW |              |          |          |
| XLXN_253<5>                        | IOB              | OUTPUT    | LVCMOS25             |       | 12       | SLOW |              |          |          |
| XLXN_253<6>                        | IOB              | OUTPUT    | LVCMOS25             |       | 12       | SLOW |              |          |          |
| XLXN_253<7>                        | IOB              | OUTPUT    | LVCMOS25             |       | 12       | SLOW |              |          |          |
| XLXN_253<8>                        | IOB              | OUTPUT    | LVCMOS25             |       | 12       | SLOW |              |          |          |
| XLXN_253<9>                        | IOB              | OUTPUT    | LVCMOS25             |       | 12       | SLOW |              |          |          |
| XLXN_253<10>                       | IOB              | OUTPUT    | LVCMOS25             |       | 12       | SLOW |              |          |          |
| XLXN_253<11>                       | IOB              | OUTPUT    | LVCMOS25             |       | 12       | SLOW |              |          |          |
| XLXN_253<12>                       | IOB              | OUTPUT    | LVCMOS25             |       | 12       | SLOW |              |          |          |
| XLXN_253<13>                       | IOB              | OUTPUT    | LVCMOS25             |       | 12       | SLOW |              |          |          |
| XLXN_253<14>                       | IOB              | OUTPUT    | LVCMOS25             |       | 12       | SLOW |              |          |          |
| XLXN_253<15>                       | IOB              | OUTPUT    | LVCMOS25             |       | 12       | SLOW |              |          |          |
| XLXN_253<16>                       | IOB              | OUTPUT    | LVCMOS25             |       | 12       | SLOW |              |          |          |
| XLXN_253<17>                       | IOB              | OUTPUT    | LVCMOS25             |       | 12       | SLOW |              |          |          |
| XLXN_253<18>                       | IOB              | OUTPUT    | LVCMOS25             |       | 12       | SLOW |              |          |          |
| XLXN_253<19>                       | IOB              | OUTPUT    | LVCMOS25             |       | 12       | SLOW |              |          |          |
| XLXN_254<0>                        | IOB              | BIDIR     | LVCMOS25             |       | 12       | SLOW |              |          |          |
| XLXN_254<1>                        | IOB              | BIDIR     | LVCMOS25             |       | 12       | SLOW |              |          |          |
| XLXN_254<2>                        | IOB              | BIDIR     | LVCMOS25             |       | 12       | SLOW |              |          |          |
| XLXN_254<3>                        | IOB              | BIDIR     | LVCMOS25             |       | 12       | SLOW |              |          |          |
| XLXN_254<4>                        | IOB              | BIDIR     | LVCMOS25             |       | 12       | SLOW |              |          |          |
| XLXN_254<5>                        | IOB              | BIDIR     | LVCMOS25             |       | 12       | SLOW |              |          |          |
| XLXN_254<6>                        | IOB              | BIDIR     | LVCMOS25             |       | 12       | SLOW |              |          |          |
| XLXN_254<7>                        | IOB              | BIDIR     | LVCMOS25             |       | 12       | SLOW |              |          |          |
| XLXN_254<8>                        | IOB              | BIDIR     | LVCMOS25             |       | 12       | SLOW |              |          |          |
| XLXN_254<9>                        | IOB              | BIDIR     | LVCMOS25             |       | 12       | SLOW |              |          |          |
| XLXN_254<10>                       | IOB              | BIDIR     | LVCMOS25             |       | 12       | SLOW |              |          |          |
| XLXN_254<11>                       | IOB              | BIDIR     | LVCMOS25             |       | 12       | SLOW |              |          |          |
| XLXN_254<12>                       | IOB              | BIDIR     | LVCMOS25             |       | 12       | SLOW |              |          |          |
| XLXN_254<13>                       | IOB              | BIDIR     | LVCMOS25             |       | 12       | SLOW |              |          |          |
| XLXN_254<14>                       | IOB              | BIDIR     | LVCMOS25             |       | 12       | SLOW |              |          |          |
| XLXN_254<15>                       | IOB              | BIDIR     | LVCMOS25             |       | 12       | SLOW |              |          |          |
| XLXN_254<16>                       | IOB              | BIDIR     | LVCMOS25             |       | 12       | SLOW |              |          |          |
| XLXN_254<17>                       | IOB              | BIDIR     | LVCMOS25             |       | 12       | SLOW |              |          |          |
| XLXN_254<18>                       | IOB              | BIDIR     | LVCMOS25             |       | 12       | SLOW |              |          |          |
| XLXN_254<19>                       | IOB              | BIDIR     | LVCMOS25             |       | 12       | SLOW |              |          |          |
| XLXN_254<20>                       | IOB              | BIDIR     | LVCMOS25             |       | 12       | SLOW |              |          |          |
| XLXN_254<21>                       | IOB              | BIDIR     | LVCMOS25             |       | 12       | SLOW |              |          |          |
| XLXN_254<22>                       | IOB              | BIDIR     | LVCMOS25             |       | 12       | SLOW |              |          |          |
| XLXN_254<23>                       | IOB              | BIDIR     | LVCMOS25             |       | 12       | SLOW |              |          |          |
| XLXN_254<24>                       | IOB              | BIDIR     | LVCMOS25             |       | 12       | SLOW |              |          |          |
| XLXN_254<25>                       | IOB              | BIDIR     | LVCMOS25             |       | 12       | SLOW |              |          |          |
| XLXN_254<26>                       | IOB              | BIDIR     | LVCMOS25             |       | 12       | SLOW |              |          |          |
| XLXN_254<27>                       | IOB              | BIDIR     | LVCMOS25             |       | 12       | SLOW |              |          |          |
| XLXN_254<28>                       | IOB              | BIDIR     | LVCMOS25             |       | 12       | SLOW |              |          |          |
| XLXN_254<29>                       | IOB              | BIDIR     | LVCMOS25             |       | 12       | SLOW |              |          |          |
| XLXN_254<30>                       | IOB              | BIDIR     | LVCMOS25             |       | 12       | SLOW |              |          |          |
| XLXN_254<31>                       | IOB              | BIDIR     | LVCMOS25             |       | 12       | SLOW |              |          |          |
| XLXN_255<0>                        | IOB              | BIDIR     | LVCMOS25             |       | 12       | SLOW |              |          |          |
| XLXN_255<1>                        | IOB              | BIDIR     | LVCMOS25             |       | 12       | SLOW |              |          |          |
| XLXN_255<2>                        | IOB              | BIDIR     | LVCMOS25             |       | 12       | SLOW |              |          |          |
| XLXN_255<3>                        | IOB              | BIDIR     | LVCMOS25             |       | 12       | SLOW |              |          |          |
| XLXN_255<4>                        | IOB              | BIDIR     | LVCMOS25             |       | 12       | SLOW |              |          |          |
| XLXN_255<5>                        | IOB              | BIDIR     | LVCMOS25             |       | 12       | SLOW |              |          |          |
| XLXN_255<6>                        | IOB              | BIDIR     | LVCMOS25             |       | 12       | SLOW |              |          |          |
| XLXN_255<7>                        | IOB              | BIDIR     | LVCMOS25             |       | 12       | SLOW |              |          |          |
| XLXN_255<8>                        | IOB              | BIDIR     | LVCMOS25             |       | 12       | SLOW |              |          |          |
| XLXN_255<9>                        | IOB              | BIDIR     | LVCMOS25             |       | 12       | SLOW |              |          |          |
| XLXN_255<10>                       | IOB              | BIDIR     | LVCMOS25             |       | 12       | SLOW |              |          |          |
| XLXN_255<11>                       | IOB              | BIDIR     | LVCMOS25             |       | 12       | SLOW |              |          |          |
| XLXN_255<12>                       | IOB              | BIDIR     | LVCMOS25             |       | 12       | SLOW |              |          |          |
| XLXN_255<13>                       | IOB              | BIDIR     | LVCMOS25             |       | 12       | SLOW |              |          |          |
| XLXN_255<14>                       | IOB              | BIDIR     | LVCMOS25             |       | 12       | SLOW |              |          |          |
| XLXN_255<15>                       | IOB              | BIDIR     | LVCMOS25             |       | 12       | SLOW |              |          |          |
| XLXN_255<16>                       | IOB              | BIDIR     | LVCMOS25             |       | 12       | SLOW |              |          |          |
| XLXN_255<17>                       | IOB              | BIDIR     | LVCMOS25             |       | 12       | SLOW |              |          |          |
| XLXN_255<18>                       | IOB              | BIDIR     | LVCMOS25             |       | 12       | SLOW |              |          |          |
| XLXN_255<19>                       | IOB              | BIDIR     | LVCMOS25             |       | 12       | SLOW |              |          |          |
| XLXN_255<20>                       | IOB              | BIDIR     | LVCMOS25             |       | 12       | SLOW |              |          |          |
| XLXN_255<21>                       | IOB              | BIDIR     | LVCMOS25             |       | 12       | SLOW |              |          |          |
| XLXN_255<22>                       | IOB              | BIDIR     | LVCMOS25             |       | 12       | SLOW |              |          |          |
| XLXN_255<23>                       | IOB              | BIDIR     | LVCMOS25             |       | 12       | SLOW |              |          |          |
| XLXN_255<24>                       | IOB              | BIDIR     | LVCMOS25             |       | 12       | SLOW |              |          |          |
| XLXN_255<25>                       | IOB              | BIDIR     | LVCMOS25             |       | 12       | SLOW |              |          |          |
| XLXN_255<26>                       | IOB              | BIDIR     | LVCMOS25             |       | 12       | SLOW |              |          |          |
| XLXN_255<27>                       | IOB              | BIDIR     | LVCMOS25             |       | 12       | SLOW |              |          |          |
| XLXN_255<28>                       | IOB              | BIDIR     | LVCMOS25             |       | 12       | SLOW |              |          |          |
| XLXN_255<29>                       | IOB              | BIDIR     | LVCMOS25             |       | 12       | SLOW |              |          |          |
| XLXN_255<30>                       | IOB              | BIDIR     | LVCMOS25             |       | 12       | SLOW |              |          |          |
| XLXN_255<31>                       | IOB              | BIDIR     | LVCMOS25             |       | 12       | SLOW |              |          |          |
| XLXN_261<0>                        | IOB              | INPUT     | LVCMOS25             |       |          |      |              |          |          |
| XLXN_261<1>                        | IOB              | INPUT     | LVCMOS25             |       |          |      |              |          |          |
| XLXN_261<2>                        | IOB              | INPUT     | LVCMOS25             |       |          |      |              |          |          |
| XLXN_261<3>                        | IOB              | INPUT     | LVCMOS25             |       |          |      |              |          |          |
| XLXN_261<4>                        | IOB              | INPUT     | LVCMOS25             |       |          |      |              |          |          |
| XLXN_262<0>                        | IOB              | OUTPUT    | LVCMOS25             |       | 12       | SLOW |              |          |          |
| XLXN_262<1>                        | IOB              | OUTPUT    | LVCMOS25             |       | 12       | SLOW |              |          |          |
| XLXN_262<2>                        | IOB              | OUTPUT    | LVCMOS25             |       | 12       | SLOW |              |          |          |
| XLXN_262<3>                        | IOB              | OUTPUT    | LVCMOS25             |       | 12       | SLOW |              |          |          |
| XLXN_262<4>                        | IOB              | OUTPUT    | LVCMOS25             |       | 12       | SLOW |              |          |          |
| XLXN_262<5>                        | IOB              | OUTPUT    | LVCMOS25             |       | 12       | SLOW |              |          |          |
| XLXN_262<6>                        | IOB              | OUTPUT    | LVCMOS25             |       | 12       | SLOW |              |          |          |
| XLXN_262<7>                        | IOB              | OUTPUT    | LVCMOS25             |       | 12       | SLOW |              |          |          |
| XLXN_262<8>                        | IOB              | OUTPUT    | LVCMOS25             |       | 12       | SLOW |              |          |          |
| XLXN_262<9>                        | IOB              | OUTPUT    | LVCMOS25             |       | 12       | SLOW |              |          |          |
| XLXN_262<10>                       | IOB              | OUTPUT    | LVCMOS25             |       | 12       | SLOW |              |          |          |
| XLXN_262<11>                       | IOB              | OUTPUT    | LVCMOS25             |       | 12       | SLOW |              |          |          |
| XLXN_262<12>                       | IOB              | OUTPUT    | LVCMOS25             |       | 12       | SLOW |              |          |          |
| XLXN_262<13>                       | IOB              | OUTPUT    | LVCMOS25             |       | 12       | SLOW |              |          |          |
| XLXN_262<14>                       | IOB              | OUTPUT    | LVCMOS25             |       | 12       | SLOW |              |          |          |
| XLXN_262<15>                       | IOB              | OUTPUT    | LVCMOS25             |       | 12       | SLOW |              |          |          |
| clk_i                              | IOB              | INPUT     | LVCMOS25             |       |          |      |              |          |          |
+---------------------------------------------------------------------------------------------------------------------------------------------------------+

Section 7 - RPMs
----------------

Section 8 - Guide Report
------------------------
Guide not run on this design.

Section 9 - Area Group and Partition Summary
--------------------------------------------

Partition Implementation Status
-------------------------------

  No Partitions were found in this design.

-------------------------------

Area Group Information
----------------------

  No area groups were found in this design.

----------------------

Section 10 - Timing Report
--------------------------
A logic-level (pre-route) timing report can be generated by using Xilinx static
timing analysis tools, Timing Analyzer (GUI) or TRCE (command line), with the
mapped NCD and PCF files. Please note that this timing report will be generated
using estimated delay information. For accurate numbers, please generate a
timing report with the post Place and Route NCD file.

For more information about the Timing Analyzer, consult the Xilinx Timing
Analyzer Reference Manual; for more information about TRCE, consult the Xilinx
Command Line Tools User Guide "TRACE" chapter.

Section 11 - Configuration String Details
-----------------------------------------
Use the "-detail" map option to print out Configuration Strings

Section 12 - Control Set Information
------------------------------------
Use the "-detail" map option to print out Control Set Information.

Section 13 - Utilization by Hierarchy
-------------------------------------
Use the "-detail" map option to print out the Utilization by Hierarchy section.
